<?xml version="1.0" encoding="UTF-8"?>
<!-- Generated by org.testng.reporters.JUnitReportReporter -->
<testsuite hostname="DESKTOP-I86NRF6" failures="0" tests="1" name="tests.Login" time="1.027" errors="0" timestamp="2022-10-03T15:48:11 WIB" skipped="0">
  <testcase classname="tests.Login" name="login" time="1.027"/>
  <system-out/>
</testsuite> <!-- tests.Login -->
